<?xml version="1.0" encoding="UTF-8"?>
<!-- Generated by org.testng.reporters.JUnitReportReporter -->
<testsuite skipped="0" hostname="DESKTOP-DSBJOCJ" name="test.AccountTest" tests="30" failures="1" timestamp="2020-08-23T22:03:14 CEST" time="15.788" errors="0">
  <testcase name="clickSignInLink" time="2.068" classname="test.AccountTest"/>
  <system-out/>
  <testcase name="verifyURL" time="0.064" classname="test.AccountTest"/>
  <system-out/>
  <testcase name="enterEmail" time="1.058" classname="test.AccountTest"/>
  <system-out/>
  <testcase name="submit" time="0.197" classname="test.AccountTest"/>
  <system-out/>
  <testcase name="clickGender" time="1.792" classname="test.AccountTest"/>
  <system-out/>
  <testcase name="enterName" time="0.570" classname="test.AccountTest"/>
  <system-out/>
  <testcase name="enterLastName" time="0.315" classname="test.AccountTest"/>
  <system-out/>
  <testcase name="verifyEmail" time="0.141" classname="test.AccountTest">
    <failure type="java.lang.AssertionError" message="Emails are not the same. expected [xxtest8810.0@gmail.com] but found [xxtest4746.0@gmail.com]">
      <![CDATA[java.lang.AssertionError: Emails are not the same. expected [xxtest8810.0@gmail.com] but found [xxtest4746.0@gmail.com]
at org.testng.Assert.fail(Assert.java:97)
at org.testng.Assert.assertEqualsImpl(Assert.java:136)
at org.testng.Assert.assertEquals(Assert.java:118)
at org.testng.Assert.assertEquals(Assert.java:575)
at test.AccountTest.verifyEmail(AccountTest.java:83)
at sun.reflect.NativeMethodAccessorImpl.invoke0(Native Method)
at sun.reflect.NativeMethodAccessorImpl.invoke(Unknown Source)
at sun.reflect.DelegatingMethodAccessorImpl.invoke(Unknown Source)
at java.lang.reflect.Method.invoke(Unknown Source)
at org.testng.internal.MethodInvocationHelper.invokeMethod(MethodInvocationHelper.java:134)
at org.testng.internal.TestInvoker.invokeMethod(TestInvoker.java:597)
at org.testng.internal.TestInvoker.invokeTestMethod(TestInvoker.java:173)
at org.testng.internal.MethodRunner.runInSequence(MethodRunner.java:46)
at org.testng.internal.TestInvoker$MethodInvocationAgent.invoke(TestInvoker.java:816)
at org.testng.internal.TestInvoker.invokeTestMethods(TestInvoker.java:146)
at org.testng.internal.TestMethodWorker.invokeTestMethods(TestMethodWorker.java:146)
at org.testng.internal.TestMethodWorker.run(TestMethodWorker.java:128)
at java.util.ArrayList.forEach(Unknown Source)
at org.testng.TestRunner.privateRun(TestRunner.java:766)
at org.testng.TestRunner.run(TestRunner.java:587)
at org.testng.SuiteRunner.runTest(SuiteRunner.java:384)
at org.testng.SuiteRunner.runSequentially(SuiteRunner.java:378)
at org.testng.SuiteRunner.privateRun(SuiteRunner.java:337)
at org.testng.SuiteRunner.run(SuiteRunner.java:286)
at org.testng.SuiteRunnerWorker.runSuite(SuiteRunnerWorker.java:53)
at org.testng.SuiteRunnerWorker.run(SuiteRunnerWorker.java:96)
at org.testng.TestNG.runSuitesSequentially(TestNG.java:1187)
at org.testng.TestNG.runSuitesLocally(TestNG.java:1109)
at org.testng.TestNG.runSuites(TestNG.java:1039)
at org.testng.TestNG.run(TestNG.java:1007)
at org.testng.remote.AbstractRemoteTestNG.run(AbstractRemoteTestNG.java:115)
at org.testng.remote.RemoteTestNG.initAndRun(RemoteTestNG.java:251)
at org.testng.remote.RemoteTestNG.main(RemoteTestNG.java:77)
]]>
    </failure>
  </testcase> <!-- verifyEmail -->
  <system-out/>
  <testcase name="password" time="0.333" classname="test.AccountTest"/>
  <system-out/>
  <testcase name="selectday" time="0.665" classname="test.AccountTest"/>
  <system-out/>
  <testcase name="selectMonth" time="0.377" classname="test.AccountTest"/>
  <system-out/>
  <testcase name="selectYear" time="0.612" classname="test.AccountTest"/>
  <system-out/>
  <testcase name="checkbox" time="0.168" classname="test.AccountTest"/>
  <system-out/>
  <testcase name="recieved" time="0.095" classname="test.AccountTest"/>
  <system-out/>
  <testcase name="verifyName" time="0.041" classname="test.AccountTest"/>
  <system-out/>
  <testcase name="verifylastName" time="0.068" classname="test.AccountTest"/>
  <system-out/>
  <testcase name="enterCompany" time="0.225" classname="test.AccountTest"/>
  <system-out/>
  <testcase name="enterAdderss" time="0.186" classname="test.AccountTest"/>
  <system-out/>
  <testcase name="enterCity" time="0.229" classname="test.AccountTest"/>
  <system-out/>
  <testcase name="selectState" time="0.300" classname="test.AccountTest"/>
  <system-out/>
  <testcase name="enterCode" time="0.182" classname="test.AccountTest"/>
  <system-out/>
  <testcase name="selectCountry" time="0.173" classname="test.AccountTest"/>
  <system-out/>
  <testcase name="addInfo" time="0.306" classname="test.AccountTest"/>
  <system-out/>
  <testcase name="addPhone" time="0.210" classname="test.AccountTest"/>
  <system-out/>
  <testcase name="addMobile" time="0.260" classname="test.AccountTest"/>
  <system-out/>
  <testcase name="addressAlias" time="0.338" classname="test.AccountTest"/>
  <system-out/>
  <testcase name="createAccount" time="2.472" classname="test.AccountTest"/>
  <system-out/>
  <testcase name="verifyAccountURL" time="0.018" classname="test.AccountTest"/>
  <system-out/>
  <testcase name="logOut" time="2.312" classname="test.AccountTest"/>
  <system-out/>
  <testcase name="verifyAuthURL" time="0.013" classname="test.AccountTest"/>
  <system-out/>
</testsuite> <!-- test.AccountTest -->
